<?xml version="1.0" encoding="UTF-8"?>
<testsuite xmlns:xsi="http://www.w3.org/2001/XMLSchema-instance" xsi:noNamespaceSchemaLocation="https://maven.apache.org/surefire/maven-surefire-plugin/xsd/surefire-test-report-3.0.xsd" version="3.0" name="com.mobileoperator.Lab6QueryTest" time="0.362" tests="2" errors="0" skipped="0" failures="0">
  <properties>
[...]
</properties>
  <testcase name="testHqlQueries" classname="com.mobileoperator.Lab6QueryTest" time="0.27">
    <system-out><![CDATA[=== ╨в╨╡╤Б╤В╤Г╨▓╨░╨╜╨╜╤П HQL ╨Ч╨░╨┐╨╕╤В╤Ц╨▓ ===
Hibernate: 
    select
        c1_0.id,
        c1_0.detail_id,
        c1_0.fullName,
        c1_0.phoneNumber,
        c1_0.tariff_id 
    from
        clients c1_0
Hibernate: 
    select
        c1_0.id,
        c1_0.address,
        c1_0.passportNumber 
    from
        client_details c1_0 
    where
        c1_0.id=?
Hibernate: 
    select
        t1_0.id,
        t1_0.monthlyFee,
        t1_0.name 
    from
        tariffs t1_0 
    where
        t1_0.id=?
Hibernate: 
    select
        c1_0.id,
        c1_0.address,
        c1_0.passportNumber 
    from
        client_details c1_0 
    where
        c1_0.id=?
Hibernate: 
    select
        t1_0.id,
        t1_0.monthlyFee,
        t1_0.name 
    from
        tariffs t1_0 
    where
        t1_0.id=?
Hibernate: 
    select
        c1_0.id,
        c1_0.address,
        c1_0.passportNumber 
    from
        client_details c1_0 
    where
        c1_0.id=?
Hibernate: 
    select
        t1_0.id,
        t1_0.monthlyFee,
        t1_0.name 
    from
        tariffs t1_0 
    where
        t1_0.id=?
Hibernate: 
    select
        c1_0.id,
        c1_0.address,
        c1_0.passportNumber 
    from
        client_details c1_0 
    where
        c1_0.id=?
Hibernate: 
    select
        t1_0.id,
        t1_0.monthlyFee,
        t1_0.name 
    from
        tariffs t1_0 
    where
        t1_0.id=?
Hibernate: 
    select
        c1_0.id,
        c1_0.address,
        c1_0.passportNumber 
    from
        client_details c1_0 
    where
        c1_0.id=?
Hibernate: 
    select
        t1_0.id,
        t1_0.monthlyFee,
        t1_0.name 
    from
        tariffs t1_0 
    where
        t1_0.id=?
Hibernate: 
    select
        c1_0.id,
        c1_0.address,
        c1_0.passportNumber 
    from
        client_details c1_0 
    where
        c1_0.id=?
Hibernate: 
    select
        t1_0.id,
        t1_0.monthlyFee,
        t1_0.name 
    from
        tariffs t1_0 
    where
        t1_0.id=?
Hibernate: 
    select
        c1_0.id,
        c1_0.address,
        c1_0.passportNumber 
    from
        client_details c1_0 
    where
        c1_0.id=?
Hibernate: 
    select
        t1_0.id,
        t1_0.monthlyFee,
        t1_0.name 
    from
        tariffs t1_0 
    where
        t1_0.id=?
Hibernate: 
    select
        c1_0.id,
        c1_0.address,
        c1_0.passportNumber 
    from
        client_details c1_0 
    where
        c1_0.id=?
Hibernate: 
    select
        t1_0.id,
        t1_0.monthlyFee,
        t1_0.name 
    from
        tariffs t1_0 
    where
        t1_0.id=?
HQL ╨╖╨╜╨░╨╣╤И╨╛╨▓ ╨║╨╗╤Ц╤Ф╨╜╤В╤Ц╨▓: 8
Hibernate: 
    select
        c1_0.id,
        c1_0.detail_id,
        c1_0.fullName,
        c1_0.phoneNumber,
        c1_0.tariff_id 
    from
        clients c1_0 
    join
        tariffs t1_0 
            on t1_0.id=c1_0.tariff_id 
    where
        t1_0.name=?
Hibernate: 
    select
        c1_0.id,
        c1_0.address,
        c1_0.passportNumber 
    from
        client_details c1_0 
    where
        c1_0.id=?
Hibernate: 
    select
        t1_0.id,
        t1_0.monthlyFee,
        t1_0.name 
    from
        tariffs t1_0 
    where
        t1_0.id=?
Hibernate: 
    select
        c1_0.id,
        c1_0.address,
        c1_0.passportNumber 
    from
        client_details c1_0 
    where
        c1_0.id=?
Hibernate: 
    select
        t1_0.id,
        t1_0.monthlyFee,
        t1_0.name 
    from
        tariffs t1_0 
    where
        t1_0.id=?
Hibernate: 
    select
        c1_0.id,
        c1_0.address,
        c1_0.passportNumber 
    from
        client_details c1_0 
    where
        c1_0.id=?
Hibernate: 
    select
        t1_0.id,
        t1_0.monthlyFee,
        t1_0.name 
    from
        tariffs t1_0 
    where
        t1_0.id=?
Hibernate: 
    select
        c1_0.id,
        c1_0.address,
        c1_0.passportNumber 
    from
        client_details c1_0 
    where
        c1_0.id=?
Hibernate: 
    select
        t1_0.id,
        t1_0.monthlyFee,
        t1_0.name 
    from
        tariffs t1_0 
    where
        t1_0.id=?
Hibernate: 
    select
        c1_0.id,
        c1_0.address,
        c1_0.passportNumber 
    from
        client_details c1_0 
    where
        c1_0.id=?
Hibernate: 
    select
        t1_0.id,
        t1_0.monthlyFee,
        t1_0.name 
    from
        tariffs t1_0 
    where
        t1_0.id=?
Hibernate: 
    select
        c1_0.id,
        c1_0.address,
        c1_0.passportNumber 
    from
        client_details c1_0 
    where
        c1_0.id=?
Hibernate: 
    select
        t1_0.id,
        t1_0.monthlyFee,
        t1_0.name 
    from
        tariffs t1_0 
    where
        t1_0.id=?
Hibernate: 
    select
        c1_0.id,
        c1_0.address,
        c1_0.passportNumber 
    from
        client_details c1_0 
    where
        c1_0.id=?
Hibernate: 
    select
        t1_0.id,
        t1_0.monthlyFee,
        t1_0.name 
    from
        tariffs t1_0 
    where
        t1_0.id=?
Hibernate: 
    select
        c1_0.id,
        c1_0.address,
        c1_0.passportNumber 
    from
        client_details c1_0 
    where
        c1_0.id=?
Hibernate: 
    select
        t1_0.id,
        t1_0.monthlyFee,
        t1_0.name 
    from
        tariffs t1_0 
    where
        t1_0.id=?
HQL ╨║╨╗╤Ц╤Ф╨╜╤В╨╕ ╨╜╨░ 'SuperNet Unlim': Yevhen Gozhenko
]]></system-out>
  </testcase>
  <testcase name="testSqlQueries" classname="com.mobileoperator.Lab6QueryTest" time="0.089">
    <system-out><![CDATA[=== ╨в╨╡╤Б╤В╤Г╨▓╨░╨╜╨╜╤П Native SQL ╨Ч╨░╨┐╨╕╤В╤Ц╨▓ ===
Hibernate: 
    SELECT
        * 
    FROM
        clients
Hibernate: 
    select
        c1_0.id,
        c1_0.address,
        c1_0.passportNumber 
    from
        client_details c1_0 
    where
        c1_0.id=?
Hibernate: 
    select
        t1_0.id,
        t1_0.monthlyFee,
        t1_0.name 
    from
        tariffs t1_0 
    where
        t1_0.id=?
Hibernate: 
    select
        c1_0.id,
        c1_0.address,
        c1_0.passportNumber 
    from
        client_details c1_0 
    where
        c1_0.id=?
Hibernate: 
    select
        t1_0.id,
        t1_0.monthlyFee,
        t1_0.name 
    from
        tariffs t1_0 
    where
        t1_0.id=?
Hibernate: 
    select
        c1_0.id,
        c1_0.address,
        c1_0.passportNumber 
    from
        client_details c1_0 
    where
        c1_0.id=?
Hibernate: 
    select
        t1_0.id,
        t1_0.monthlyFee,
        t1_0.name 
    from
        tariffs t1_0 
    where
        t1_0.id=?
Hibernate: 
    select
        c1_0.id,
        c1_0.address,
        c1_0.passportNumber 
    from
        client_details c1_0 
    where
        c1_0.id=?
Hibernate: 
    select
        t1_0.id,
        t1_0.monthlyFee,
        t1_0.name 
    from
        tariffs t1_0 
    where
        t1_0.id=?
Hibernate: 
    select
        c1_0.id,
        c1_0.address,
        c1_0.passportNumber 
    from
        client_details c1_0 
    where
        c1_0.id=?
Hibernate: 
    select
        t1_0.id,
        t1_0.monthlyFee,
        t1_0.name 
    from
        tariffs t1_0 
    where
        t1_0.id=?
Hibernate: 
    select
        c1_0.id,
        c1_0.address,
        c1_0.passportNumber 
    from
        client_details c1_0 
    where
        c1_0.id=?
Hibernate: 
    select
        t1_0.id,
        t1_0.monthlyFee,
        t1_0.name 
    from
        tariffs t1_0 
    where
        t1_0.id=?
Hibernate: 
    select
        c1_0.id,
        c1_0.address,
        c1_0.passportNumber 
    from
        client_details c1_0 
    where
        c1_0.id=?
Hibernate: 
    select
        t1_0.id,
        t1_0.monthlyFee,
        t1_0.name 
    from
        tariffs t1_0 
    where
        t1_0.id=?
Hibernate: 
    select
        c1_0.id,
        c1_0.address,
        c1_0.passportNumber 
    from
        client_details c1_0 
    where
        c1_0.id=?
Hibernate: 
    select
        t1_0.id,
        t1_0.monthlyFee,
        t1_0.name 
    from
        tariffs t1_0 
    where
        t1_0.id=?
SQL ╨╖╨╜╨░╨╣╤И╨╛╨▓ ╨║╨╗╤Ц╤Ф╨╜╤В╤Ц╨▓: 8
Hibernate: 
    SELECT
        c.* 
    FROM
        clients c 
    JOIN
        tariffs t 
            ON c.tariff_id = t.id 
    WHERE
        t.name = ?
Hibernate: 
    select
        c1_0.id,
        c1_0.address,
        c1_0.passportNumber 
    from
        client_details c1_0 
    where
        c1_0.id=?
Hibernate: 
    select
        t1_0.id,
        t1_0.monthlyFee,
        t1_0.name 
    from
        tariffs t1_0 
    where
        t1_0.id=?
Hibernate: 
    select
        c1_0.id,
        c1_0.address,
        c1_0.passportNumber 
    from
        client_details c1_0 
    where
        c1_0.id=?
Hibernate: 
    select
        t1_0.id,
        t1_0.monthlyFee,
        t1_0.name 
    from
        tariffs t1_0 
    where
        t1_0.id=?
Hibernate: 
    select
        c1_0.id,
        c1_0.address,
        c1_0.passportNumber 
    from
        client_details c1_0 
    where
        c1_0.id=?
Hibernate: 
    select
        t1_0.id,
        t1_0.monthlyFee,
        t1_0.name 
    from
        tariffs t1_0 
    where
        t1_0.id=?
Hibernate: 
    select
        c1_0.id,
        c1_0.address,
        c1_0.passportNumber 
    from
        client_details c1_0 
    where
        c1_0.id=?
Hibernate: 
    select
        t1_0.id,
        t1_0.monthlyFee,
        t1_0.name 
    from
        tariffs t1_0 
    where
        t1_0.id=?
Hibernate: 
    select
        c1_0.id,
        c1_0.address,
        c1_0.passportNumber 
    from
        client_details c1_0 
    where
        c1_0.id=?
Hibernate: 
    select
        t1_0.id,
        t1_0.monthlyFee,
        t1_0.name 
    from
        tariffs t1_0 
    where
        t1_0.id=?
Hibernate: 
    select
        c1_0.id,
        c1_0.address,
        c1_0.passportNumber 
    from
        client_details c1_0 
    where
        c1_0.id=?
Hibernate: 
    select
        t1_0.id,
        t1_0.monthlyFee,
        t1_0.name 
    from
        tariffs t1_0 
    where
        t1_0.id=?
Hibernate: 
    select
        c1_0.id,
        c1_0.address,
        c1_0.passportNumber 
    from
        client_details c1_0 
    where
        c1_0.id=?
Hibernate: 
    select
        t1_0.id,
        t1_0.monthlyFee,
        t1_0.name 
    from
        tariffs t1_0 
    where
        t1_0.id=?
Hibernate: 
    select
        c1_0.id,
        c1_0.address,
        c1_0.passportNumber 
    from
        client_details c1_0 
    where
        c1_0.id=?
Hibernate: 
    select
        t1_0.id,
        t1_0.monthlyFee,
        t1_0.name 
    from
        tariffs t1_0 
    where
        t1_0.id=?
SQL ╨║╨╗╤Ц╤Ф╨╜╤В╨╕ ╨╜╨░ 'SuperNet Unlim': Yevhen Gozhenko
]]></system-out>
  </testcase>
</testsuite>